{
  "RSpec": {
    "coverage": {
      "/Volumes/machd/to_backup/repositories/open_source/expansions/lib/expansions.rb": [
        1,
        1,
        1,
        1,
        1,
        1,
        null,
        1,
        1,
        1,
        1,
        1,
        1,
        1,
        1,
        1,
        1,
        1,
        1,
        1,
        1,
        1,
        1,
        1,
        1,
        null,
        1
      ],
      "/Volumes/machd/to_backup/repositories/open_source/expansions/lib/expansions/array.rb": [
        1,
        1,
        4,
        null,
        null,
        1,
        2,
        null,
        null
      ],
      "/Volumes/machd/to_backup/repositories/open_source/expansions/lib/expansions/cli_interface.rb": [
        1,
        1,
        1,
        null,
        1,
        0,
        null,
        null,
        1,
        0,
        0,
        null,
        null,
        null,
        0,
        null,
        null,
        null,
        1,
        0,
        0,
        0,
        0,
        0,
        0,
        null,
        null,
        null
      ],
      "/Volumes/machd/to_backup/repositories/open_source/expansions/lib/expansions/copy.rb": [
        1,
        1,
        1,
        null,
        1,
        1,
        null,
        1,
        3,
        null,
        null,
        1,
        3,
        null,
        null,
        1,
        1,
        2,
        null,
        null,
        null,
        1,
        1,
        2,
        null,
        null,
        null,
        null,
        1,
        7,
        7,
        null,
        7,
        null,
        null,
        1,
        6,
        null,
        null,
        null
      ],
      "/Volumes/machd/to_backup/repositories/open_source/expansions/lib/expansions/copy_to_target.rb": [
        1,
        1,
        1,
        3,
        null,
        null,
        1,
        1,
        null,
        null,
        null
      ],
      "/Volumes/machd/to_backup/repositories/open_source/expansions/lib/expansions/enumerable_extensions.rb": [
        1,
        1,
        20,
        null,
        null,
        null,
        1,
        1,
        0,
        null,
        null
      ],
      "/Volumes/machd/to_backup/repositories/open_source/expansions/lib/expansions/erb_template_file.rb": [
        1,
        1,
        1,
        null,
        1,
        2,
        null,
        2,
        2,
        4,
        null,
        6,
        null,
        2,
        2,
        null,
        null,
        null,
        1,
        1,
        1,
        null,
        null,
        1,
        1,
        1,
        null,
        1,
        1,
        null,
        null,
        null,
        null
      ],
      "/Volumes/machd/to_backup/repositories/open_source/expansions/lib/expansions/shell_action_against_file.rb": [
        1,
        1,
        1,
        4,
        null,
        1,
        1,
        null,
        null,
        null
      ],
      "/Volumes/machd/to_backup/repositories/open_source/expansions/lib/expansions/expansion.rb": [
        1,
        1,
        1,
        1,
        null,
        1,
        1,
        1,
        null,
        1,
        1,
        1,
        null,
        null,
        1,
        1,
        1,
        null,
        null,
        1,
        1,
        1,
        1,
        null,
        null,
        1,
        1,
        1,
        1,
        null,
        null,
        1,
        1,
        1,
        1,
        null,
        null,
        1,
        8,
        8,
        null,
        8,
        0,
        null,
        null,
        null,
        null,
        1,
        2,
        2,
        null,
        2,
        null,
        null,
        1,
        2,
        2,
        null,
        2,
        null,
        null,
        1,
        6,
        null,
        2,
        null,
        null,
        1,
        1,
        null,
        null,
        1,
        1,
        null,
        null,
        1,
        0,
        0,
        0,
        0,
        0,
        0,
        0,
        null,
        null,
        1,
        4,
        4,
        4,
        null,
        null,
        1,
        0,
        0,
        null,
        null,
        null,
        1,
        0,
        0,
        null,
        null,
        null,
        null
      ],
      "/Volumes/machd/to_backup/repositories/open_source/expansions/lib/expansions/file.rb": [
        1,
        1,
        1,
        14,
        21,
        null,
        null,
        null,
        1,
        2,
        null,
        null,
        1,
        3,
        3,
        null,
        3,
        3,
        9,
        9,
        null,
        null,
        null,
        3,
        null,
        null,
        1,
        6,
        6,
        null,
        null,
        null,
        null
      ],
      "/Volumes/machd/to_backup/repositories/open_source/expansions/lib/expansions/file_merge.rb": [
        1,
        1,
        1,
        1,
        null,
        1,
        1,
        null,
        1,
        6,
        null,
        null,
        1,
        2,
        null,
        null,
        null,
        1,
        1,
        null,
        1,
        3,
        null,
        null,
        null,
        1,
        8,
        8,
        8,
        null,
        null,
        1,
        1,
        null,
        null,
        1,
        2,
        2,
        2,
        2,
        2,
        2,
        2,
        null,
        2,
        null,
        null,
        1,
        10,
        10,
        null,
        null,
        null,
        1,
        5,
        9,
        null,
        null,
        null,
        1,
        9,
        8,
        null,
        null,
        null
      ],
      "/Volumes/machd/to_backup/repositories/open_source/expansions/lib/expansions/log.rb": [
        1,
        1,
        1,
        1,
        0,
        null,
        1,
        0,
        null,
        1,
        0,
        null,
        null,
        null,
        null
      ],
      "/Volumes/machd/to_backup/repositories/open_source/expansions/lib/expansions/mustache_template_file.rb": [
        1,
        1,
        1,
        null,
        1,
        2,
        null,
        4,
        null,
        null,
        null
      ],
      "/Volumes/machd/to_backup/repositories/open_source/expansions/lib/expansions/shell.rb": [
        1,
        1,
        1,
        0,
        null,
        null,
        null
      ],
      "/Volumes/machd/to_backup/repositories/open_source/expansions/lib/expansions/startup.rb": [
        1,
        1,
        1,
        null,
        null,
        null,
        null,
        null,
        0,
        0,
        null,
        null,
        0,
        0,
        null,
        0,
        null,
        null,
        null
      ],
      "/Volumes/machd/to_backup/repositories/open_source/expansions/lib/expansions/string.rb": [
        1,
        1,
        7,
        null,
        null
      ],
      "/Volumes/machd/to_backup/repositories/open_source/expansions/lib/expansions/template_processors.rb": [
        1,
        1,
        1,
        null,
        1,
        5,
        null,
        null,
        1,
        2,
        null,
        2,
        null,
        1,
        null,
        null,
        1,
        3,
        null,
        1,
        null,
        null,
        1,
        5,
        null,
        null,
        null
      ],
      "/Volumes/machd/to_backup/repositories/open_source/expansions/lib/expansions/template_visitor.rb": [
        1,
        1,
        1,
        1,
        1,
        null,
        1,
        4,
        4,
        null,
        null,
        1,
        4,
        null,
        4,
        null,
        4,
        null,
        4,
        null,
        4,
        null,
        4,
        null,
        4,
        null,
        4,
        null,
        null,
        1,
        4,
        null,
        4,
        0,
        null,
        null,
        null,
        null
      ],
      "/Volumes/machd/to_backup/repositories/open_source/expansions/lib/expansions/expansions.rb": [
        1,
        1,
        null,
        1,
        0,
        null,
        null,
        52,
        3,
        51,
        null,
        3,
        3,
        null,
        null,
        1,
        3,
        null,
        null,
        1,
        1,
        null,
        null,
        1,
        0,
        null,
        null,
        1,
        0,
        null,
        null,
        1,
        0,
        0,
        null,
        null,
        null,
        1,
        0,
        0,
        null,
        null,
        null,
        1,
        0,
        null,
        null
      ],
      "/Volumes/machd/to_backup/repositories/open_source/expansions/spec/specs/array_spec.rb": [
        1,
        null,
        1,
        1,
        1,
        1,
        1,
        null,
        null,
        1,
        1,
        4,
        null,
        null,
        1,
        1,
        null,
        null,
        null,
        null
      ],
      "/Volumes/machd/to_backup/repositories/open_source/expansions/spec/spec_helper.rb": [
        1,
        1,
        null,
        1,
        1,
        1,
        1,
        null,
        1,
        1,
        null,
        null,
        1,
        1,
        1,
        151,
        null,
        151,
        null,
        null,
        1,
        124,
        124,
        null,
        null,
        null,
        1,
        12,
        12,
        null,
        null,
        null,
        1,
        12,
        null,
        null,
        1,
        46,
        46,
        46,
        null,
        null,
        null,
        null,
        1,
        3,
        3,
        null,
        3,
        null,
        3,
        null,
        null
      ],
      "/Volumes/machd/to_backup/repositories/open_source/expansions/spec/specs/configuration_spec.rb": [
        1,
        1,
        1,
        null,
        null,
        null,
        1,
        null,
        null
      ],
      "/Volumes/machd/to_backup/repositories/open_source/expansions/spec/specs/copy_spec.rb": [
        1,
        null,
        1,
        1,
        1,
        null,
        1,
        1,
        1,
        1,
        null,
        null,
        null,
        null,
        1,
        6,
        6,
        null,
        1,
        5,
        5,
        null,
        null,
        1,
        2,
        null,
        1,
        1,
        null,
        null,
        1,
        1,
        null,
        null,
        null,
        1,
        2,
        null,
        1,
        1,
        null,
        null,
        1,
        1,
        null,
        null,
        null,
        1,
        1,
        null,
        1,
        1,
        null,
        null,
        1,
        1,
        1,
        null,
        null,
        null,
        1,
        1,
        null,
        1,
        1,
        null,
        null,
        1,
        1,
        1,
        null,
        null,
        1,
        1,
        null,
        1,
        4,
        null,
        null,
        1,
        1,
        null,
        null,
        1,
        1,
        null,
        null,
        null,
        null
      ],
      "/Volumes/machd/to_backup/repositories/open_source/expansions/spec/specs/copy_to_target_spec.rb": [
        1,
        null,
        1,
        1,
        1,
        2,
        2,
        2,
        null,
        1,
        1,
        1,
        null,
        null,
        1,
        1,
        null,
        null,
        1,
        1,
        null,
        null,
        null,
        null
      ],
      "/Volumes/machd/to_backup/repositories/open_source/expansions/spec/specs/enumerable_extensions_spec.rb": [
        1,
        null,
        1,
        1,
        1,
        null,
        1,
        1,
        null,
        1,
        10,
        null,
        null,
        1,
        2,
        2,
        null,
        1,
        1,
        null,
        null,
        1,
        1,
        null,
        null,
        null,
        null
      ],
      "/Volumes/machd/to_backup/repositories/open_source/expansions/spec/specs/erb_template_file_spec.rb": [
        1,
        null,
        1,
        1,
        1,
        2,
        null,
        null,
        null,
        null,
        1,
        2,
        null,
        1,
        1,
        null,
        null,
        1,
        1,
        null,
        null,
        null,
        null,
        1,
        null,
        null,
        1,
        2,
        1,
        2,
        2,
        null,
        1,
        1,
        1,
        1,
        null,
        null,
        null,
        null,
        1,
        null,
        null,
        1,
        1,
        null,
        null,
        1,
        1,
        null,
        null,
        1,
        1,
        null,
        null,
        null,
        null,
        1,
        null,
        null,
        null,
        null,
        null
      ],
      "/Volumes/machd/to_backup/repositories/open_source/expansions/spec/specs/expansion_spec.rb": [
        1,
        null,
        1,
        1,
        1,
        1,
        1,
        1,
        1,
        null,
        1,
        1,
        2,
        null,
        null,
        1,
        2,
        null,
        null,
        null,
        1,
        1,
        null,
        null,
        1,
        1,
        1,
        null,
        null,
        null,
        1,
        1,
        2,
        null,
        1,
        2,
        null,
        null,
        null,
        1,
        1,
        null,
        null,
        1,
        1,
        1,
        null,
        null,
        null,
        1,
        1,
        1,
        null,
        1,
        1,
        null,
        null,
        1,
        1,
        null,
        null,
        null,
        1,
        1,
        1,
        2,
        null,
        1,
        7,
        null,
        null,
        null,
        1,
        3,
        3,
        1,
        2,
        2,
        2,
        2,
        2,
        2,
        2,
        2,
        8,
        null,
        2,
        null,
        null,
        null,
        1,
        1,
        1,
        null,
        null,
        1,
        1,
        null,
        null,
        null,
        1,
        1,
        5,
        null,
        null,
        1,
        1,
        null,
        null,
        null,
        null,
        null,
        null,
        1,
        1,
        1,
        null,
        1,
        1,
        null,
        null,
        1,
        1,
        null,
        null,
        null,
        null
      ],
      "/Volumes/machd/to_backup/repositories/open_source/expansions/spec/specs/file_merge_spec.rb": [
        1,
        null,
        1,
        1,
        1,
        3,
        3,
        3,
        1,
        2,
        null,
        1,
        1,
        1,
        null,
        1,
        1,
        null,
        null,
        1,
        1,
        1,
        null,
        1,
        1,
        null,
        1,
        1,
        null,
        null,
        null,
        null,
        null,
        1,
        2,
        2,
        2,
        1,
        1,
        null,
        null,
        1,
        1,
        null,
        null,
        1,
        1,
        null,
        null,
        null,
        1,
        2,
        2,
        1,
        1,
        1,
        1,
        1,
        null,
        1,
        1,
        null,
        1,
        4,
        1,
        1,
        null,
        null,
        1,
        1,
        null,
        null,
        null,
        1,
        3,
        3,
        3,
        3,
        3,
        1,
        null,
        1,
        2,
        2,
        2,
        2,
        2,
        null,
        null,
        1,
        2,
        null,
        null,
        1,
        1,
        1,
        1,
        1,
        null,
        null,
        1,
        1,
        null,
        null,
        1,
        1,
        1,
        null,
        null,
        null,
        1,
        1,
        1,
        1,
        1,
        1,
        null,
        null,
        1,
        1,
        null,
        null,
        1,
        1,
        1,
        null,
        null,
        null,
        null,
        null,
        null
      ],
      "/Volumes/machd/to_backup/repositories/open_source/expansions/spec/specs/file_spec.rb": [
        1,
        null,
        1,
        1,
        4,
        null,
        1,
        2,
        1,
        1,
        1,
        null,
        null,
        1,
        1,
        null,
        null,
        1,
        3,
        null,
        null,
        1,
        1,
        null,
        null,
        null,
        1,
        2,
        2,
        null,
        null,
        null,
        null,
        null,
        1,
        1,
        null,
        null,
        1,
        1,
        null,
        null,
        1,
        1,
        null,
        null,
        1,
        1,
        null,
        null,
        null,
        1,
        2,
        2,
        2,
        null,
        null,
        null,
        null,
        null,
        2,
        1,
        1,
        null,
        null,
        1,
        1,
        null,
        null,
        1,
        1,
        null,
        null,
        1,
        1,
        null,
        null,
        null,
        null
      ],
      "/Volumes/machd/to_backup/repositories/open_source/expansions/spec/specs/kernel_spec.rb": [
        1,
        null,
        1,
        1,
        4,
        null,
        1,
        1,
        3,
        3,
        3,
        3,
        6,
        6,
        6,
        12,
        12,
        12,
        null,
        null,
        null,
        null,
        1,
        3,
        null,
        null,
        null,
        1,
        1,
        1,
        null,
        null,
        1,
        1,
        null,
        null,
        null,
        1,
        1,
        2,
        null,
        null,
        1,
        2,
        34,
        null,
        null,
        null,
        1,
        1,
        null,
        null,
        1,
        1,
        null,
        null,
        null,
        null,
        null
      ],
      "/Volumes/machd/to_backup/repositories/open_source/expansions/spec/specs/mustache_template_file_spec.rb": [
        1,
        1,
        null,
        1,
        1,
        1,
        1,
        1,
        null,
        null,
        null,
        null,
        null,
        2,
        null,
        1,
        null,
        1,
        1,
        1,
        1,
        null,
        1,
        null,
        1,
        null,
        null,
        1,
        1,
        null,
        null,
        1,
        1,
        null,
        null,
        1,
        1,
        null,
        null,
        null,
        null,
        1,
        null,
        null,
        null,
        null,
        1,
        1,
        1,
        null,
        null,
        null,
        1,
        null,
        null,
        null,
        null,
        null,
        null,
        null,
        null,
        null,
        1,
        null,
        2,
        null,
        null,
        1,
        1,
        1,
        1,
        null,
        1,
        null,
        1,
        null,
        null,
        1,
        1,
        null,
        null,
        1,
        1,
        null,
        null,
        1,
        1,
        null,
        null,
        null,
        1,
        null,
        null,
        null,
        null,
        null
      ],
      "/Volumes/machd/to_backup/repositories/open_source/expansions/spec/specs/shell_action_against_file_spec.rb": [
        1,
        null,
        1,
        1,
        1,
        2,
        2,
        2,
        null,
        1,
        1,
        null,
        null,
        1,
        1,
        null,
        1,
        1,
        null,
        null,
        null,
        null
      ],
      "/Volumes/machd/to_backup/repositories/open_source/expansions/spec/specs/string_spec.rb": [
        1,
        null,
        1,
        1,
        1,
        1,
        1,
        null,
        null,
        null,
        null
      ],
      "/Volumes/machd/to_backup/repositories/open_source/expansions/spec/specs/template_processors_spec.rb": [
        1,
        null,
        1,
        1,
        1,
        1,
        2,
        2,
        2,
        1,
        1,
        null,
        1,
        1,
        null,
        null,
        1,
        3,
        3,
        3,
        1,
        2,
        null,
        1,
        4,
        null,
        1,
        1,
        null,
        null,
        1,
        1,
        null,
        null,
        null,
        1,
        3,
        3,
        3,
        1,
        2,
        null,
        1,
        1,
        1,
        null,
        1,
        1,
        null,
        null,
        null,
        1,
        1,
        2,
        null,
        1,
        1,
        null,
        null,
        null,
        null,
        null
      ],
      "/Volumes/machd/to_backup/repositories/open_source/expansions/spec/specs/template_visitor_spec.rb": [
        1,
        null,
        1,
        1,
        1,
        5,
        5,
        5,
        5,
        5,
        1,
        4,
        null,
        null,
        1,
        1,
        4,
        null,
        null,
        1,
        2,
        1,
        1,
        1,
        null,
        null,
        1,
        1,
        null,
        1,
        1,
        null,
        null,
        1,
        2,
        1,
        1,
        1,
        null,
        null,
        1,
        1,
        null,
        null,
        1,
        1,
        null,
        null,
        null,
        1,
        2,
        1,
        null,
        1,
        1,
        1,
        null,
        1,
        1,
        null,
        null,
        1,
        1,
        null,
        null,
        1,
        2,
        1,
        null,
        1,
        1,
        1,
        null,
        1,
        1,
        null,
        null,
        1,
        1,
        null,
        null,
        null,
        null,
        null
      ]
    },
    "timestamp": 1405515333
  }
}
